<?xml version="1.0" encoding="UTF-8"?>
<testng-results ignored="0" total="1" passed="1" failed="0" skipped="0">
  <reporter-output>
  </reporter-output>
  <suite started-at="2024-06-09T02:13:08 GMT+01:00" name="Suite" finished-at="2024-06-09T02:13:21 GMT+01:00" duration-ms="12274">
    <groups>
    </groups>
    <test started-at="2024-06-09T02:13:08 GMT+01:00" name="Test" finished-at="2024-06-09T02:13:21 GMT+01:00" duration-ms="12274">
      <class name="sauceTest.LoginPageTest">
        <test-method is-config="true" signature="setUp()[pri:0, instance:sauceTest.LoginPageTest@53fe15ff]" started-at="2024-06-09T02:13:08 GMT+01:00" name="setUp" finished-at="2024-06-09T02:13:18 GMT+01:00" duration-ms="9604" status="PASS">
          <reporter-output>
          </reporter-output>
        </test-method> <!-- setUp -->
        <test-method signature="loginTest()[pri:0, instance:sauceTest.LoginPageTest@53fe15ff]" started-at="2024-06-09T02:13:18 GMT+01:00" name="loginTest" finished-at="2024-06-09T02:13:20 GMT+01:00" duration-ms="1790" status="PASS">
          <reporter-output>
          </reporter-output>
        </test-method> <!-- loginTest -->
        <test-method is-config="true" signature="tearDown()[pri:0, instance:sauceTest.LoginPageTest@53fe15ff]" started-at="2024-06-09T02:13:20 GMT+01:00" name="tearDown" finished-at="2024-06-09T02:13:21 GMT+01:00" duration-ms="405" status="PASS">
          <reporter-output>
          </reporter-output>
        </test-method> <!-- tearDown -->
      </class> <!-- sauceTest.LoginPageTest -->
    </test> <!-- Test -->
  </suite> <!-- Suite -->
</testng-results>
